# JRE version: Java(TM) SE Runtime Environment (8.0_60-b27) (build 1.8.0_60-b27)
# Java VM: Java HotSpot(TM) 64-Bit Server VM (25.60-b23 mixed mode bsd-amd64 compressed oops)
Heap:
 PSYoungGen      total 59392K, used 23151K [0x000000076ab00000, 0x0000000770e80000, 0x00000007c0000000)
  eden space 58880K, 38% used [0x000000076ab00000,0x000000076c163cc0,0x000000076e480000)
  from space 512K, 43% used [0x000000076e580000,0x000000076e5b8000,0x000000076e600000)
  to   space 21504K, 0% used [0x000000076f980000,0x000000076f980000,0x0000000770e80000)
 ParOldGen       total 175104K, used 24075K [0x00000006c0000000, 0x00000006cab00000, 0x000000076ab00000)
  object space 175104K, 13% used [0x00000006c0000000,0x00000006c1782d70,0x00000006cab00000)
 Metaspace       used 19203K, capacity 19419K, committed 19712K, reserved 1067008K
  class space    used 1872K, capacity 1950K, committed 2048K, reserved 1048576K
GC Heap History (10 events):
Event: 30.620 GC heap before
{Heap before GC invocations=5 (full 0):
 PSYoungGen      total 76288K, used 76211K [0x000000076ab00000, 0x0000000770000000, 0x00000007c0000000)
  eden space 65536K, 100% used [0x000000076ab00000,0x000000076eb00000,0x000000076eb00000)
  from space 10752K, 99% used [0x000000076f580000,0x000000076ffecdb0,0x0000000770000000)
  to   space 10752K, 0% used [0x000000076eb00000,0x000000076eb00000,0x000000076f580000)
 ParOldGen       total 175104K, used 13358K [0x00000006c0000000, 0x00000006cab00000, 0x000000076ab00000)
  object space 175104K, 7% used [0x00000006c0000000,0x00000006c0d0bb30,0x00000006cab00000)
 Metaspace       used 19048K, capacity 19255K, committed 19328K, reserved 1067008K
  class space    used 1862K, capacity 1918K, committed 1920K, reserved 1048576K
Event: 30.629 GC heap after
Heap after GC invocations=5 (full 0):
 PSYoungGen      total 74752K, used 10691K [0x000000076ab00000, 0x0000000770d80000, 0x00000007c0000000)
  eden space 64000K, 0% used [0x000000076ab00000,0x000000076ab00000,0x000000076e980000)
  from space 10752K, 99% used [0x000000076eb00000,0x000000076f570dc0,0x000000076f580000)
  to   space 18432K, 0% used [0x000000076fb80000,0x000000076fb80000,0x0000000770d80000)
 ParOldGen       total 175104K, used 13366K [0x00000006c0000000, 0x00000006cab00000, 0x000000076ab00000)
  object space 175104K, 7% used [0x00000006c0000000,0x00000006c0d0db30,0x00000006cab00000)
 Metaspace       used 19048K, capacity 19255K, committed 19328K, reserved 1067008K
  class space    used 1862K, capacity 1918K, committed 1920K, reserved 1048576K
}
Event: 41.539 GC heap before
{Heap before GC invocations=6 (full 0):
 PSYoungGen      total 74752K, used 74691K [0x000000076ab00000, 0x0000000770d80000, 0x00000007c0000000)
  eden space 64000K, 100% used [0x000000076ab00000,0x000000076e980000,0x000000076e980000)
  from space 10752K, 99% used [0x000000076eb00000,0x000000076f570dc0,0x000000076f580000)
  to   space 18432K, 0% used [0x000000076fb80000,0x000000076fb80000,0x0000000770d80000)
 ParOldGen       total 175104K, used 13366K [0x00000006c0000000, 0x00000006cab00000, 0x000000076ab00000)
  object space 175104K, 7% used [0x00000006c0000000,0x00000006c0d0db30,0x00000006cab00000)
 Metaspace       used 19166K, capacity 19323K, committed 19584K, reserved 1067008K
  class space    used 1863K, capacity 1918K, committed 1920K, reserved 1048576K
Event: 41.547 GC heap after
Heap after GC invocations=6 (full 0):
 PSYoungGen      total 79360K, used 10707K [0x000000076ab00000, 0x0000000770c00000, 0x00000007c0000000)
  eden space 62464K, 0% used [0x000000076ab00000,0x000000076ab00000,0x000000076e800000)
  from space 16896K, 63% used [0x000000076fb80000,0x00000007705f4db0,0x0000000770c00000)
  to   space 18432K, 0% used [0x000000076e800000,0x000000076e800000,0x000000076fa00000)
 ParOldGen       total 175104K, used 13374K [0x00000006c0000000, 0x00000006cab00000, 0x000000076ab00000)
  object space 175104K, 7% used [0x00000006c0000000,0x00000006c0d0fb30,0x00000006cab00000)
 Metaspace       used 19166K, capacity 19323K, committed 19584K, reserved 1067008K
  class space    used 1863K, capacity 1918K, committed 1920K, reserved 1048576K
}
Event: 52.292 GC heap before
{Heap before GC invocations=7 (full 0):
 PSYoungGen      total 79360K, used 73171K [0x000000076ab00000, 0x0000000770c00000, 0x00000007c0000000)
  eden space 62464K, 100% used [0x000000076ab00000,0x000000076e800000,0x000000076e800000)
  from space 16896K, 63% used [0x000000076fb80000,0x00000007705f4db0,0x0000000770c00000)
  to   space 18432K, 0% used [0x000000076e800000,0x000000076e800000,0x000000076fa00000)
 ParOldGen       total 175104K, used 13374K [0x00000006c0000000, 0x00000006cab00000, 0x000000076ab00000)
  object space 175104K, 7% used [0x00000006c0000000,0x00000006c0d0fb30,0x00000006cab00000)
 Metaspace       used 19166K, capacity 19323K, committed 19584K, reserved 1067008K
  class space    used 1863K, capacity 1918K, committed 1920K, reserved 1048576K
Event: 52.301 GC heap after
Heap after GC invocations=7 (full 0):
 PSYoungGen      total 79872K, used 3872K [0x000000076ab00000, 0x0000000770d00000, 0x00000007c0000000)
  eden space 61440K, 0% used [0x000000076ab00000,0x000000076ab00000,0x000000076e700000)
  from space 18432K, 21% used [0x000000076e800000,0x000000076ebc80e0,0x000000076fa00000)
  to   space 19456K, 0% used [0x000000076fa00000,0x000000076fa00000,0x0000000770d00000)
 ParOldGen       total 175104K, used 20323K [0x00000006c0000000, 0x00000006cab00000, 0x000000076ab00000)
  object space 175104K, 11% used [0x00000006c0000000,0x00000006c13d8c90,0x00000006cab00000)
 Metaspace       used 19166K, capacity 19323K, committed 19584K, reserved 1067008K
  class space    used 1863K, capacity 1918K, committed 1920K, reserved 1048576K
}
Event: 62.976 GC heap before
{Heap before GC invocations=8 (full 0):
 PSYoungGen      total 79872K, used 65312K [0x000000076ab00000, 0x0000000770d00000, 0x00000007c0000000)
  eden space 61440K, 100% used [0x000000076ab00000,0x000000076e700000,0x000000076e700000)
  from space 18432K, 21% used [0x000000076e800000,0x000000076ebc80e0,0x000000076fa00000)
  to   space 19456K, 0% used [0x000000076fa00000,0x000000076fa00000,0x0000000770d00000)
 ParOldGen       total 175104K, used 20323K [0x00000006c0000000, 0x00000006cab00000, 0x000000076ab00000)
  object space 175104K, 11% used [0x00000006c0000000,0x00000006c13d8c90,0x00000006cab00000)
 Metaspace       used 19167K, capacity 19323K, committed 19584K, reserved 1067008K
  class space    used 1863K, capacity 1918K, committed 1920K, reserved 1048576K
Event: 62.980 GC heap after
Heap after GC invocations=8 (full 0):
 PSYoungGen      total 79360K, used 256K [0x000000076ab00000, 0x0000000770f00000, 0x00000007c0000000)
  eden space 59904K, 0% used [0x000000076ab00000,0x000000076ab00000,0x000000076e580000)
  from space 19456K, 1% used [0x000000076fa00000,0x000000076fa40000,0x0000000770d00000)
  to   space 20992K, 0% used [0x000000076e580000,0x000000076e580000,0x000000076fa00000)
 ParOldGen       total 175104K, used 24003K [0x00000006c0000000, 0x00000006cab00000, 0x000000076ab00000)
  object space 175104K, 13% used [0x00000006c0000000,0x00000006c1770d70,0x00000006cab00000)
 Metaspace       used 19167K, capacity 19323K, committed 19584K, reserved 1067008K
  class space    used 1863K, capacity 1918K, committed 1920K, reserved 1048576K
}
Event: 73.412 GC heap before
{Heap before GC invocations=9 (full 0):
 PSYoungGen      total 79360K, used 60160K [0x000000076ab00000, 0x0000000770f00000, 0x00000007c0000000)
  eden space 59904K, 100% used [0x000000076ab00000,0x000000076e580000,0x000000076e580000)
  from space 19456K, 1% used [0x000000076fa00000,0x000000076fa40000,0x0000000770d00000)
  to   space 20992K, 0% used [0x000000076e580000,0x000000076e580000,0x000000076fa00000)
 ParOldGen       total 175104K, used 24003K [0x00000006c0000000, 0x00000006cab00000, 0x000000076ab00000)
  object space 175104K, 13% used [0x00000006c0000000,0x00000006c1770d70,0x00000006cab00000)
 Metaspace       used 19167K, capacity 19323K, committed 19584K, reserved 1067008K
  class space    used 1863K, capacity 1918K, committed 1920K, reserved 1048576K
Event: 73.413 GC heap after
Heap after GC invocations=9 (full 0):
 PSYoungGen      total 59392K, used 224K [0x000000076ab00000, 0x0000000770e80000, 0x00000007c0000000)
  eden space 58880K, 0% used [0x000000076ab00000,0x000000076ab00000,0x000000076e480000)
  from space 512K, 43% used [0x000000076e580000,0x000000076e5b8000,0x000000076e600000)
  to   space 21504K, 0% used [0x000000076f980000,0x000000076f980000,0x0000000770e80000)
 ParOldGen       total 175104K, used 24075K [0x00000006c0000000, 0x00000006cab00000, 0x000000076ab00000)
  object space 175104K, 13% used [0x00000006c0000000,0x00000006c1782d70,0x00000006cab00000)
 Metaspace       used 19167K, capacity 19323K, committed 19584K, reserved 1067008K
  class space    used 1863K, capacity 1918K, committed 1920K, reserved 1048576K
}

