# JRE version: Java(TM) SE Runtime Environment (8.0_60-b27) (build 1.8.0_60-b27)
# Java VM: Java HotSpot(TM) 64-Bit Server VM (25.60-b23 mixed mode bsd-amd64 compressed oops)
Heap:
 PSYoungGen      total 79872K, used 41021K [0x000000076ab00000, 0x0000000770d00000, 0x00000007c0000000)
  eden space 62464K, 48% used [0x000000076ab00000,0x000000076c8a2660,0x000000076e800000)
  from space 17408K, 61% used [0x000000076fc00000,0x000000077066cda0,0x0000000770d00000)
  to   space 18944K, 0% used [0x000000076e800000,0x000000076e800000,0x000000076fa80000)
 ParOldGen       total 175104K, used 12877K [0x00000006c0000000, 0x00000006cab00000, 0x000000076ab00000)
  object space 175104K, 7% used [0x00000006c0000000,0x00000006c0c93690,0x00000006cab00000)
 Metaspace       used 19092K, capacity 19263K, committed 19328K, reserved 1067008K
  class space    used 1867K, capacity 1918K, committed 1920K, reserved 1048576K
GC Heap History (10 events):
Event: 3.518 GC heap before
{Heap before GC invocations=2 (full 0):
 PSYoungGen      total 76288K, used 76262K [0x000000076ab00000, 0x0000000770000000, 0x00000007c0000000)
  eden space 65536K, 100% used [0x000000076ab00000,0x000000076eb00000,0x000000076eb00000)
  from space 10752K, 99% used [0x000000076eb00000,0x000000076f579920,0x000000076f580000)
  to   space 10752K, 0% used [0x000000076f580000,0x000000076f580000,0x0000000770000000)
 ParOldGen       total 175104K, used 3034K [0x00000006c0000000, 0x00000006cab00000, 0x000000076ab00000)
  object space 175104K, 1% used [0x00000006c0000000,0x00000006c02f68e0,0x00000006cab00000)
 Metaspace       used 18517K, capacity 18741K, committed 18816K, reserved 1067008K
  class space    used 1856K, capacity 1917K, committed 1920K, reserved 1048576K
Event: 3.526 GC heap after
Heap after GC invocations=2 (full 0):
 PSYoungGen      total 76288K, used 10725K [0x000000076ab00000, 0x0000000770000000, 0x00000007c0000000)
  eden space 65536K, 0% used [0x000000076ab00000,0x000000076ab00000,0x000000076eb00000)
  from space 10752K, 99% used [0x000000076f580000,0x000000076fff9520,0x0000000770000000)
  to   space 10752K, 0% used [0x000000076eb00000,0x000000076eb00000,0x000000076f580000)
 ParOldGen       total 175104K, used 5533K [0x00000006c0000000, 0x00000006cab00000, 0x000000076ab00000)
  object space 175104K, 3% used [0x00000006c0000000,0x00000006c05674f0,0x00000006cab00000)
 Metaspace       used 18517K, capacity 18741K, committed 18816K, reserved 1067008K
  class space    used 1856K, capacity 1917K, committed 1920K, reserved 1048576K
}
Event: 5.555 GC heap before
{Heap before GC invocations=3 (full 0):
 PSYoungGen      total 76288K, used 76261K [0x000000076ab00000, 0x0000000770000000, 0x00000007c0000000)
  eden space 65536K, 100% used [0x000000076ab00000,0x000000076eb00000,0x000000076eb00000)
  from space 10752K, 99% used [0x000000076f580000,0x000000076fff9520,0x0000000770000000)
  to   space 10752K, 0% used [0x000000076eb00000,0x000000076eb00000,0x000000076f580000)
 ParOldGen       total 175104K, used 5533K [0x00000006c0000000, 0x00000006cab00000, 0x000000076ab00000)
  object space 175104K, 3% used [0x00000006c0000000,0x00000006c05674f0,0x00000006cab00000)
 Metaspace       used 18763K, capacity 18933K, committed 19072K, reserved 1067008K
  class space    used 1856K, capacity 1917K, committed 1920K, reserved 1048576K
Event: 5.564 GC heap after
Heap after GC invocations=3 (full 0):
 PSYoungGen      total 76288K, used 10739K [0x000000076ab00000, 0x0000000770000000, 0x00000007c0000000)
  eden space 65536K, 0% used [0x000000076ab00000,0x000000076ab00000,0x000000076eb00000)
  from space 10752K, 99% used [0x000000076eb00000,0x000000076f57cde0,0x000000076f580000)
  to   space 10752K, 0% used [0x000000076f580000,0x000000076f580000,0x0000000770000000)
 ParOldGen       total 175104K, used 12861K [0x00000006c0000000, 0x00000006cab00000, 0x000000076ab00000)
  object space 175104K, 7% used [0x00000006c0000000,0x00000006c0c8f690,0x00000006cab00000)
 Metaspace       used 18763K, capacity 18933K, committed 19072K, reserved 1067008K
  class space    used 1856K, capacity 1917K, committed 1920K, reserved 1048576K
}
Event: 16.275 GC heap before
{Heap before GC invocations=4 (full 0):
 PSYoungGen      total 76288K, used 76275K [0x000000076ab00000, 0x0000000770000000, 0x00000007c0000000)
  eden space 65536K, 100% used [0x000000076ab00000,0x000000076eb00000,0x000000076eb00000)
  from space 10752K, 99% used [0x000000076eb00000,0x000000076f57cde0,0x000000076f580000)
  to   space 10752K, 0% used [0x000000076f580000,0x000000076f580000,0x0000000770000000)
 ParOldGen       total 175104K, used 12861K [0x00000006c0000000, 0x00000006cab00000, 0x000000076ab00000)
  object space 175104K, 7% used [0x00000006c0000000,0x00000006c0c8f690,0x00000006cab00000)
 Metaspace       used 19018K, capacity 19189K, committed 19328K, reserved 1067008K
  class space    used 1856K, capacity 1917K, committed 1920K, reserved 1048576K
Event: 16.282 GC heap after
Heap after GC invocations=4 (full 0):
 PSYoungGen      total 76288K, used 10691K [0x000000076ab00000, 0x0000000770000000, 0x00000007c0000000)
  eden space 65536K, 0% used [0x000000076ab00000,0x000000076ab00000,0x000000076eb00000)
  from space 10752K, 99% used [0x000000076f580000,0x000000076fff0db0,0x0000000770000000)
  to   space 10752K, 0% used [0x000000076eb00000,0x000000076eb00000,0x000000076f580000)
 ParOldGen       total 175104K, used 12869K [0x00000006c0000000, 0x00000006cab00000, 0x000000076ab00000)
  object space 175104K, 7% used [0x00000006c0000000,0x00000006c0c91690,0x00000006cab00000)
 Metaspace       used 19018K, capacity 19189K, committed 19328K, reserved 1067008K
  class space    used 1856K, capacity 1917K, committed 1920K, reserved 1048576K
}
Event: 27.656 GC heap before
{Heap before GC invocations=5 (full 0):
 PSYoungGen      total 76288K, used 76227K [0x000000076ab00000, 0x0000000770000000, 0x00000007c0000000)
  eden space 65536K, 100% used [0x000000076ab00000,0x000000076eb00000,0x000000076eb00000)
  from space 10752K, 99% used [0x000000076f580000,0x000000076fff0db0,0x0000000770000000)
  to   space 10752K, 0% used [0x000000076eb00000,0x000000076eb00000,0x000000076f580000)
 ParOldGen       total 175104K, used 12869K [0x00000006c0000000, 0x00000006cab00000, 0x000000076ab00000)
  object space 175104K, 7% used [0x00000006c0000000,0x00000006c0c91690,0x00000006cab00000)
 Metaspace       used 19020K, capacity 19189K, committed 19328K, reserved 1067008K
  class space    used 1856K, capacity 1917K, committed 1920K, reserved 1048576K
Event: 27.664 GC heap after
Heap after GC invocations=5 (full 0):
 PSYoungGen      total 74752K, used 10643K [0x000000076ab00000, 0x0000000770e80000, 0x00000007c0000000)
  eden space 64000K, 0% used [0x000000076ab00000,0x000000076ab00000,0x000000076e980000)
  from space 10752K, 98% used [0x000000076eb00000,0x000000076f564dc0,0x000000076f580000)
  to   space 18944K, 0% used [0x000000076fc00000,0x000000076fc00000,0x0000000770e80000)
 ParOldGen       total 175104K, used 12869K [0x00000006c0000000, 0x00000006cab00000, 0x000000076ab00000)
  object space 175104K, 7% used [0x00000006c0000000,0x00000006c0c91690,0x00000006cab00000)
 Metaspace       used 19020K, capacity 19189K, committed 19328K, reserved 1067008K
  class space    used 1856K, capacity 1917K, committed 1920K, reserved 1048576K
}
Event: 38.674 GC heap before
{Heap before GC invocations=6 (full 0):
 PSYoungGen      total 74752K, used 74643K [0x000000076ab00000, 0x0000000770e80000, 0x00000007c0000000)
  eden space 64000K, 100% used [0x000000076ab00000,0x000000076e980000,0x000000076e980000)
  from space 10752K, 98% used [0x000000076eb00000,0x000000076f564dc0,0x000000076f580000)
  to   space 18944K, 0% used [0x000000076fc00000,0x000000076fc00000,0x0000000770e80000)
 ParOldGen       total 175104K, used 12869K [0x00000006c0000000, 0x00000006cab00000, 0x000000076ab00000)
  object space 175104K, 7% used [0x00000006c0000000,0x00000006c0c91690,0x00000006cab00000)
 Metaspace       used 19056K, capacity 19263K, committed 19328K, reserved 1067008K
  class space    used 1859K, capacity 1918K, committed 1920K, reserved 1048576K
Event: 38.683 GC heap after
Heap after GC invocations=6 (full 0):
 PSYoungGen      total 79872K, used 10675K [0x000000076ab00000, 0x0000000770d00000, 0x00000007c0000000)
  eden space 62464K, 0% used [0x000000076ab00000,0x000000076ab00000,0x000000076e800000)
  from space 17408K, 61% used [0x000000076fc00000,0x000000077066cda0,0x0000000770d00000)
  to   space 18944K, 0% used [0x000000076e800000,0x000000076e800000,0x000000076fa80000)
 ParOldGen       total 175104K, used 12877K [0x00000006c0000000, 0x00000006cab00000, 0x000000076ab00000)
  object space 175104K, 7% used [0x00000006c0000000,0x00000006c0c93690,0x00000006cab00000)
 Metaspace       used 19056K, capacity 19263K, committed 19328K, reserved 1067008K
  class space    used 1859K, capacity 1918K, committed 1920K, reserved 1048576K
}

